[INFO] Scanning for projects...
[INFO] 
[INFO] ---------------------< io.anthonygraca:algorithms >---------------------
[INFO] Building algorithms 1.0-SNAPSHOT
[INFO] --------------------------------[ jar ]---------------------------------
[INFO] 
[INFO] --- maven-resources-plugin:3.0.2:resources (default-resources) @ algorithms ---
[INFO] Using 'UTF-8' encoding to copy filtered resources.
[INFO] skip non existing resourceDirectory /Users/anthonygraca/Workspace/algorithms/algorithms/src/main/resources
[INFO] 
[INFO] --- maven-compiler-plugin:3.8.0:compile (default-compile) @ algorithms ---
[INFO] Nothing to compile - all classes are up to date
[INFO] 
[INFO] --- maven-resources-plugin:3.0.2:testResources (default-testResources) @ algorithms ---
[INFO] Using 'UTF-8' encoding to copy filtered resources.
[INFO] skip non existing resourceDirectory /Users/anthonygraca/Workspace/algorithms/algorithms/src/test/resources
[INFO] 
[INFO] --- maven-compiler-plugin:3.8.0:testCompile (default-testCompile) @ algorithms ---
[INFO] Nothing to compile - all classes are up to date
[INFO] 
[INFO] --- maven-surefire-plugin:2.22.1:test (default-test) @ algorithms ---
[INFO] 
[INFO] -------------------------------------------------------
[INFO]  T E S T S
[INFO] -------------------------------------------------------
[INFO] Running io.anthonygraca.AppTest
[INFO] Tests run: 2, Failures: 0, Errors: 0, Skipped: 0, Time elapsed: 0.028 s - in io.anthonygraca.AppTest
[INFO] Running io.anthonygraca.princeton.chapter1.randomized_queue.RandomizedQueueTest
[INFO] Tests run: 1, Failures: 0, Errors: 0, Skipped: 0, Time elapsed: 0.001 s - in io.anthonygraca.princeton.chapter1.randomized_queue.RandomizedQueueTest
[INFO] Running io.anthonygraca.princeton.chapter1.percolation.PercolationTest
[INFO] Tests run: 31, Failures: 0, Errors: 0, Skipped: 0, Time elapsed: 0.013 s - in io.anthonygraca.princeton.chapter1.percolation.PercolationTest
[INFO] Running io.anthonygraca.princeton.chapter1.UnionFindTest
[INFO] Tests run: 1, Failures: 0, Errors: 0, Skipped: 0, Time elapsed: 0.001 s - in io.anthonygraca.princeton.chapter1.UnionFindTest
[INFO] Running io.anthonygraca.princeton.chapter1.deque.MGracaDequeTest
[ERROR] Tests run: 44, Failures: 0, Errors: 44, Skipped: 0, Time elapsed: 0.025 s <<< FAILURE! - in io.anthonygraca.princeton.chapter1.deque.MGracaDequeTest
[ERROR] fullWhenFilled(io.anthonygraca.princeton.chapter1.deque.MGracaDequeTest)  Time elapsed: 0.003 s  <<< ERROR!
java.lang.Error: 
Unresolved compilation problem: 
	The declared package "io.anthonygraca.princeton.chapter1" does not match the expected package "io.anthonygraca.princeton.chapter1.deque"

	at io.anthonygraca.princeton.chapter1.deque.MGracaDequeTest.fullWhenFilled(MGracaDequeTest.java:76)

[ERROR] arrayAddFirstToEmptyDeque(io.anthonygraca.princeton.chapter1.deque.MGracaDequeTest)  Time elapsed: 0 s  <<< ERROR!
java.lang.Error: 
Unresolved compilation problem: 
	The declared package "io.anthonygraca.princeton.chapter1" does not match the expected package "io.anthonygraca.princeton.chapter1.deque"

	at io.anthonygraca.princeton.chapter1.deque.MGracaDequeTest.arrayAddFirstToEmptyDeque(MGracaDequeTest.java:275)

[ERROR] linkedRemoveFirstFailsForEmpty(io.anthonygraca.princeton.chapter1.deque.MGracaDequeTest)  Time elapsed: 0.002 s  <<< ERROR!
java.lang.Exception: Unexpected exception, expected<java.lang.IllegalStateException> but was<java.lang.Error>
	at io.anthonygraca.princeton.chapter1.deque.MGracaDequeTest.linkedRemoveFirstFailsForEmpty(MGracaDequeTest.java:253)

[ERROR] linkedAddFirstToEmptyDeque(io.anthonygraca.princeton.chapter1.deque.MGracaDequeTest)  Time elapsed: 0 s  <<< ERROR!
java.lang.Error: 
Unresolved compilation problem: 
	The declared package "io.anthonygraca.princeton.chapter1" does not match the expected package "io.anthonygraca.princeton.chapter1.deque"

	at io.anthonygraca.princeton.chapter1.deque.MGracaDequeTest.linkedAddFirstToEmptyDeque(MGracaDequeTest.java:282)

[ERROR] lowerBoundConstructor(io.anthonygraca.princeton.chapter1.deque.MGracaDequeTest)  Time elapsed: 0 s  <<< ERROR!
java.lang.Exception: Unexpected exception, expected<java.lang.IllegalStateException> but was<java.lang.Error>
	at io.anthonygraca.princeton.chapter1.deque.MGracaDequeTest.lowerBoundConstructor(MGracaDequeTest.java:28)

[ERROR] arrayEmptyWhenEmptied(io.anthonygraca.princeton.chapter1.deque.MGracaDequeTest)  Time elapsed: 0 s  <<< ERROR!
java.lang.Error: 
Unresolved compilation problem: 
	The declared package "io.anthonygraca.princeton.chapter1" does not match the expected package "io.anthonygraca.princeton.chapter1.deque"

	at io.anthonygraca.princeton.chapter1.deque.MGracaDequeTest.arrayEmptyWhenEmptied(MGracaDequeTest.java:56)

[ERROR] linkedGetFirstSucceedsAfterAddFirst(io.anthonygraca.princeton.chapter1.deque.MGracaDequeTest)  Time elapsed: 0 s  <<< ERROR!
java.lang.Error: 
Unresolved compilation problem: 
	The declared package "io.anthonygraca.princeton.chapter1" does not match the expected package "io.anthonygraca.princeton.chapter1.deque"

	at io.anthonygraca.princeton.chapter1.deque.MGracaDequeTest.linkedGetFirstSucceedsAfterAddFirst(MGracaDequeTest.java:164)

[ERROR] linkedGetLastFailsForEmptyDeque(io.anthonygraca.princeton.chapter1.deque.MGracaDequeTest)  Time elapsed: 0 s  <<< ERROR!
java.lang.Exception: Unexpected exception, expected<java.util.NoSuchElementException> but was<java.lang.Error>
	at io.anthonygraca.princeton.chapter1.deque.MGracaDequeTest.linkedGetLastFailsForEmptyDeque(MGracaDequeTest.java:158)

[ERROR] arrayGetLastSucceedsAfterAddFirst(io.anthonygraca.princeton.chapter1.deque.MGracaDequeTest)  Time elapsed: 0 s  <<< ERROR!
java.lang.Error: 
Unresolved compilation problem: 
	The declared package "io.anthonygraca.princeton.chapter1" does not match the expected package "io.anthonygraca.princeton.chapter1.deque"

	at io.anthonygraca.princeton.chapter1.deque.MGracaDequeTest.arrayGetLastSucceedsAfterAddFirst(MGracaDequeTest.java:113)

[ERROR] addLastToFullDequeBeyondMaxCapacity(io.anthonygraca.princeton.chapter1.deque.MGracaDequeTest)  Time elapsed: 0 s  <<< ERROR!
java.lang.Exception: Unexpected exception, expected<java.lang.IllegalStateException> but was<java.lang.Error>
	at io.anthonygraca.princeton.chapter1.deque.MGracaDequeTest.addLastToFullDequeBeyondMaxCapacity(MGracaDequeTest.java:341)

[ERROR] addFirstToFullDeque(io.anthonygraca.princeton.chapter1.deque.MGracaDequeTest)  Time elapsed: 0 s  <<< ERROR!
java.lang.Error: 
Unresolved compilation problem: 
	The declared package "io.anthonygraca.princeton.chapter1" does not match the expected package "io.anthonygraca.princeton.chapter1.deque"

	at io.anthonygraca.princeton.chapter1.deque.MGracaDequeTest.addFirstToFullDeque(MGracaDequeTest.java:289)

[ERROR] arrayGetFirstAndGetLastSucceedForOneItem(io.anthonygraca.princeton.chapter1.deque.MGracaDequeTest)  Time elapsed: 0 s  <<< ERROR!
java.lang.Error: 
Unresolved compilation problem: 
	The declared package "io.anthonygraca.princeton.chapter1" does not match the expected package "io.anthonygraca.princeton.chapter1.deque"

	at io.anthonygraca.princeton.chapter1.deque.MGracaDequeTest.arrayGetFirstAndGetLastSucceedForOneItem(MGracaDequeTest.java:127)

[ERROR] addLastToFullDeque(io.anthonygraca.princeton.chapter1.deque.MGracaDequeTest)  Time elapsed: 0.001 s  <<< ERROR!
java.lang.Error: 
Unresolved compilation problem: 
	The declared package "io.anthonygraca.princeton.chapter1" does not match the expected package "io.anthonygraca.princeton.chapter1.deque"

	at io.anthonygraca.princeton.chapter1.deque.MGracaDequeTest.addLastToFullDeque(MGracaDequeTest.java:333)

[ERROR] linkedDefaultConstructor(io.anthonygraca.princeton.chapter1.deque.MGracaDequeTest)  Time elapsed: 0 s  <<< ERROR!
java.lang.Error: 
Unresolved compilation problem: 
	The declared package "io.anthonygraca.princeton.chapter1" does not match the expected package "io.anthonygraca.princeton.chapter1.deque"

	at io.anthonygraca.princeton.chapter1.deque.MGracaDequeTest.linkedDefaultConstructor(MGracaDequeTest.java:22)

[ERROR] linkedGetFirstAndGetLastSucceedForOneItem(io.anthonygraca.princeton.chapter1.deque.MGracaDequeTest)  Time elapsed: 0.003 s  <<< ERROR!
java.lang.Error: 
Unresolved compilation problem: 
	The declared package "io.anthonygraca.princeton.chapter1" does not match the expected package "io.anthonygraca.princeton.chapter1.deque"

	at io.anthonygraca.princeton.chapter1.deque.MGracaDequeTest.linkedGetFirstAndGetLastSucceedForOneItem(MGracaDequeTest.java:192)

[ERROR] arrayGetFirstSucceedsAfterAddFirst(io.anthonygraca.princeton.chapter1.deque.MGracaDequeTest)  Time elapsed: 0 s  <<< ERROR!
java.lang.Error: 
Unresolved compilation problem: 
	The declared package "io.anthonygraca.princeton.chapter1" does not match the expected package "io.anthonygraca.princeton.chapter1.deque"

	at io.anthonygraca.princeton.chapter1.deque.MGracaDequeTest.arrayGetFirstSucceedsAfterAddFirst(MGracaDequeTest.java:99)

[ERROR] addFirstToHalfFullDeque(io.anthonygraca.princeton.chapter1.deque.MGracaDequeTest)  Time elapsed: 0 s  <<< ERROR!
java.lang.Error: 
Unresolved compilation problem: 
	The declared package "io.anthonygraca.princeton.chapter1" does not match the expected package "io.anthonygraca.princeton.chapter1.deque"

	at io.anthonygraca.princeton.chapter1.deque.MGracaDequeTest.addFirstToHalfFullDeque(MGracaDequeTest.java:306)

[ERROR] arrayRemoveLastFailsForEmpty(io.anthonygraca.princeton.chapter1.deque.MGracaDequeTest)  Time elapsed: 0 s  <<< ERROR!
java.lang.Exception: Unexpected exception, expected<java.lang.IllegalStateException> but was<java.lang.Error>
	at io.anthonygraca.princeton.chapter1.deque.MGracaDequeTest.arrayRemoveLastFailsForEmpty(MGracaDequeTest.java:240)

[ERROR] arrayDefaultConstructor(io.anthonygraca.princeton.chapter1.deque.MGracaDequeTest)  Time elapsed: 0 s  <<< ERROR!
java.lang.Error: 
Unresolved compilation problem: 
	The declared package "io.anthonygraca.princeton.chapter1" does not match the expected package "io.anthonygraca.princeton.chapter1.deque"

	at io.anthonygraca.princeton.chapter1.deque.MGracaDequeTest.arrayDefaultConstructor(MGracaDequeTest.java:16)

[ERROR] linkedGetLastSucceedsAfterFilled(io.anthonygraca.princeton.chapter1.deque.MGracaDequeTest)  Time elapsed: 0 s  <<< ERROR!
java.lang.Error: 
Unresolved compilation problem: 
	The declared package "io.anthonygraca.princeton.chapter1" does not match the expected package "io.anthonygraca.princeton.chapter1.deque"

	at io.anthonygraca.princeton.chapter1.deque.MGracaDequeTest.linkedGetLastSucceedsAfterFilled(MGracaDequeTest.java:208)

[ERROR] linkedGetFirstSucceedsAfterAddLast(io.anthonygraca.princeton.chapter1.deque.MGracaDequeTest)  Time elapsed: 0 s  <<< ERROR!
java.lang.Error: 
Unresolved compilation problem: 
	The declared package "io.anthonygraca.princeton.chapter1" does not match the expected package "io.anthonygraca.princeton.chapter1.deque"

	at io.anthonygraca.princeton.chapter1.deque.MGracaDequeTest.linkedGetFirstSucceedsAfterAddLast(MGracaDequeTest.java:171)

[ERROR] addLastToHalfFullDeque(io.anthonygraca.princeton.chapter1.deque.MGracaDequeTest)  Time elapsed: 0 s  <<< ERROR!
java.lang.Error: 
Unresolved compilation problem: 
	The declared package "io.anthonygraca.princeton.chapter1" does not match the expected package "io.anthonygraca.princeton.chapter1.deque"

	at io.anthonygraca.princeton.chapter1.deque.MGracaDequeTest.addLastToHalfFullDeque(MGracaDequeTest.java:350)

[ERROR] linkedEmptyWhenEmptied(io.anthonygraca.princeton.chapter1.deque.MGracaDequeTest)  Time elapsed: 0 s  <<< ERROR!
java.lang.Error: 
Unresolved compilation problem: 
	The declared package "io.anthonygraca.princeton.chapter1" does not match the expected package "io.anthonygraca.princeton.chapter1.deque"

	at io.anthonygraca.princeton.chapter1.deque.MGracaDequeTest.linkedEmptyWhenEmptied(MGracaDequeTest.java:66)

[ERROR] arrayAddLastToEmptyDeque(io.anthonygraca.princeton.chapter1.deque.MGracaDequeTest)  Time elapsed: 0 s  <<< ERROR!
java.lang.Error: 
Unresolved compilation problem: 
	The declared package "io.anthonygraca.princeton.chapter1" does not match the expected package "io.anthonygraca.princeton.chapter1.deque"

	at io.anthonygraca.princeton.chapter1.deque.MGracaDequeTest.arrayAddLastToEmptyDeque(MGracaDequeTest.java:319)

[ERROR] linkedAddLastToEmptyDeque(io.anthonygraca.princeton.chapter1.deque.MGracaDequeTest)  Time elapsed: 0 s  <<< ERROR!
java.lang.Error: 
Unresolved compilation problem: 
	The declared package "io.anthonygraca.princeton.chapter1" does not match the expected package "io.anthonygraca.princeton.chapter1.deque"

	at io.anthonygraca.princeton.chapter1.deque.MGracaDequeTest.linkedAddLastToEmptyDeque(MGracaDequeTest.java:326)

[ERROR] arrayRemoveLastToEmpty(io.anthonygraca.princeton.chapter1.deque.MGracaDequeTest)  Time elapsed: 0 s  <<< ERROR!
java.lang.Error: 
Unresolved compilation problem: 
	The declared package "io.anthonygraca.princeton.chapter1" does not match the expected package "io.anthonygraca.princeton.chapter1.deque"

	at io.anthonygraca.princeton.chapter1.deque.MGracaDequeTest.arrayRemoveLastToEmpty(MGracaDequeTest.java:233)

[ERROR] addFirstToFullDequeBeyondMaxCapacity(io.anthonygraca.princeton.chapter1.deque.MGracaDequeTest)  Time elapsed: 0 s  <<< ERROR!
java.lang.Exception: Unexpected exception, expected<java.lang.IllegalStateException> but was<java.lang.Error>
	at io.anthonygraca.princeton.chapter1.deque.MGracaDequeTest.addFirstToFullDequeBeyondMaxCapacity(MGracaDequeTest.java:297)

[ERROR] linkedGetLastSucceedsAfterAddLast(io.anthonygraca.princeton.chapter1.deque.MGracaDequeTest)  Time elapsed: 0 s  <<< ERROR!
java.lang.Error: 
Unresolved compilation problem: 
	The declared package "io.anthonygraca.princeton.chapter1" does not match the expected package "io.anthonygraca.princeton.chapter1.deque"

	at io.anthonygraca.princeton.chapter1.deque.MGracaDequeTest.linkedGetLastSucceedsAfterAddLast(MGracaDequeTest.java:185)

[ERROR] linkedRemoveLastToEmpty(io.anthonygraca.princeton.chapter1.deque.MGracaDequeTest)  Time elapsed: 0 s  <<< ERROR!
java.lang.Error: 
Unresolved compilation problem: 
	The declared package "io.anthonygraca.princeton.chapter1" does not match the expected package "io.anthonygraca.princeton.chapter1.deque"

	at io.anthonygraca.princeton.chapter1.deque.MGracaDequeTest.linkedRemoveLastToEmpty(MGracaDequeTest.java:259)

[ERROR] arrayGetLastSucceedsAfterOverflow(io.anthonygraca.princeton.chapter1.deque.MGracaDequeTest)  Time elapsed: 0 s  <<< ERROR!
java.lang.Error: 
Unresolved compilation problem: 
	The declared package "io.anthonygraca.princeton.chapter1" does not match the expected package "io.anthonygraca.princeton.chapter1.deque"

	at io.anthonygraca.princeton.chapter1.deque.MGracaDequeTest.arrayGetLastSucceedsAfterOverflow(MGracaDequeTest.java:143)

[ERROR] arrayRemoveFirstFailsForEmpty(io.anthonygraca.princeton.chapter1.deque.MGracaDequeTest)  Time elapsed: 0 s  <<< ERROR!
java.lang.Exception: Unexpected exception, expected<java.lang.IllegalStateException> but was<java.lang.Error>
	at io.anthonygraca.princeton.chapter1.deque.MGracaDequeTest.arrayRemoveFirstFailsForEmpty(MGracaDequeTest.java:227)

[ERROR] arrayGetLastSucceedsAfterAddLast(io.anthonygraca.princeton.chapter1.deque.MGracaDequeTest)  Time elapsed: 0 s  <<< ERROR!
java.lang.Error: 
Unresolved compilation problem: 
	The declared package "io.anthonygraca.princeton.chapter1" does not match the expected package "io.anthonygraca.princeton.chapter1.deque"

	at io.anthonygraca.princeton.chapter1.deque.MGracaDequeTest.arrayGetLastSucceedsAfterAddLast(MGracaDequeTest.java:120)

[ERROR] arrayGetFirstSucceedsAfterOverflow(io.anthonygraca.princeton.chapter1.deque.MGracaDequeTest)  Time elapsed: 0 s  <<< ERROR!
java.lang.Error: 
Unresolved compilation problem: 
	The declared package "io.anthonygraca.princeton.chapter1" does not match the expected package "io.anthonygraca.princeton.chapter1.deque"

	at io.anthonygraca.princeton.chapter1.deque.MGracaDequeTest.arrayGetFirstSucceedsAfterOverflow(MGracaDequeTest.java:134)

[ERROR] linkedRemoveFirstToEmpty(io.anthonygraca.princeton.chapter1.deque.MGracaDequeTest)  Time elapsed: 0 s  <<< ERROR!
java.lang.Error: 
Unresolved compilation problem: 
	The declared package "io.anthonygraca.princeton.chapter1" does not match the expected package "io.anthonygraca.princeton.chapter1.deque"

	at io.anthonygraca.princeton.chapter1.deque.MGracaDequeTest.linkedRemoveFirstToEmpty(MGracaDequeTest.java:246)

[ERROR] linkedRemoveLastFailsForEmpty(io.anthonygraca.princeton.chapter1.deque.MGracaDequeTest)  Time elapsed: 0 s  <<< ERROR!
java.lang.Exception: Unexpected exception, expected<java.lang.IllegalStateException> but was<java.lang.Error>
	at io.anthonygraca.princeton.chapter1.deque.MGracaDequeTest.linkedRemoveLastFailsForEmpty(MGracaDequeTest.java:266)

[ERROR] arrayGetFirstSucceedsAfterAddLast(io.anthonygraca.princeton.chapter1.deque.MGracaDequeTest)  Time elapsed: 0 s  <<< ERROR!
java.lang.Error: 
Unresolved compilation problem: 
	The declared package "io.anthonygraca.princeton.chapter1" does not match the expected package "io.anthonygraca.princeton.chapter1.deque"

	at io.anthonygraca.princeton.chapter1.deque.MGracaDequeTest.arrayGetFirstSucceedsAfterAddLast(MGracaDequeTest.java:106)

[ERROR] withinBoundConstructor(io.anthonygraca.princeton.chapter1.deque.MGracaDequeTest)  Time elapsed: 0.001 s  <<< ERROR!
java.lang.Error: 
Unresolved compilation problem: 
	The declared package "io.anthonygraca.princeton.chapter1" does not match the expected package "io.anthonygraca.princeton.chapter1.deque"

	at io.anthonygraca.princeton.chapter1.deque.MGracaDequeTest.withinBoundConstructor(MGracaDequeTest.java:39)

[ERROR] arrayRemoveFirstToEmpty(io.anthonygraca.princeton.chapter1.deque.MGracaDequeTest)  Time elapsed: 0 s  <<< ERROR!
java.lang.Error: 
Unresolved compilation problem: 
	The declared package "io.anthonygraca.princeton.chapter1" does not match the expected package "io.anthonygraca.princeton.chapter1.deque"

	at io.anthonygraca.princeton.chapter1.deque.MGracaDequeTest.arrayRemoveFirstToEmpty(MGracaDequeTest.java:220)

[ERROR] upperBoundConstructor(io.anthonygraca.princeton.chapter1.deque.MGracaDequeTest)  Time elapsed: 0 s  <<< ERROR!
java.lang.Exception: Unexpected exception, expected<java.lang.IllegalStateException> but was<java.lang.Error>
	at io.anthonygraca.princeton.chapter1.deque.MGracaDequeTest.upperBoundConstructor(MGracaDequeTest.java:33)

[ERROR] arrayGetFirstFailsForEmptyDeque(io.anthonygraca.princeton.chapter1.deque.MGracaDequeTest)  Time elapsed: 0 s  <<< ERROR!
java.lang.Exception: Unexpected exception, expected<java.util.NoSuchElementException> but was<java.lang.Error>
	at io.anthonygraca.princeton.chapter1.deque.MGracaDequeTest.arrayGetFirstFailsForEmptyDeque(MGracaDequeTest.java:87)

[ERROR] arrayGetLastFailsForEmptyDeque(io.anthonygraca.princeton.chapter1.deque.MGracaDequeTest)  Time elapsed: 0 s  <<< ERROR!
java.lang.Exception: Unexpected exception, expected<java.util.NoSuchElementException> but was<java.lang.Error>
	at io.anthonygraca.princeton.chapter1.deque.MGracaDequeTest.arrayGetLastFailsForEmptyDeque(MGracaDequeTest.java:93)

[ERROR] linkedGetLastSucceedsAfterAddFirst(io.anthonygraca.princeton.chapter1.deque.MGracaDequeTest)  Time elapsed: 0.001 s  <<< ERROR!
java.lang.Error: 
Unresolved compilation problem: 
	The declared package "io.anthonygraca.princeton.chapter1" does not match the expected package "io.anthonygraca.princeton.chapter1.deque"

	at io.anthonygraca.princeton.chapter1.deque.MGracaDequeTest.linkedGetLastSucceedsAfterAddFirst(MGracaDequeTest.java:178)

[ERROR] linkedGetFirstFailsForEmptyDeque(io.anthonygraca.princeton.chapter1.deque.MGracaDequeTest)  Time elapsed: 0 s  <<< ERROR!
java.lang.Exception: Unexpected exception, expected<java.util.NoSuchElementException> but was<java.lang.Error>
	at io.anthonygraca.princeton.chapter1.deque.MGracaDequeTest.linkedGetFirstFailsForEmptyDeque(MGracaDequeTest.java:152)

[ERROR] linkedGetFirstSucceedsAfterFilled(io.anthonygraca.princeton.chapter1.deque.MGracaDequeTest)  Time elapsed: 0 s  <<< ERROR!
java.lang.Error: 
Unresolved compilation problem: 
	The declared package "io.anthonygraca.princeton.chapter1" does not match the expected package "io.anthonygraca.princeton.chapter1.deque"

	at io.anthonygraca.princeton.chapter1.deque.MGracaDequeTest.linkedGetFirstSucceedsAfterFilled(MGracaDequeTest.java:199)

[INFO] Running io.anthonygraca.princeton.chapter1.deque.DequeTest
[INFO] Tests run: 21, Failures: 0, Errors: 0, Skipped: 0, Time elapsed: 0.001 s - in io.anthonygraca.princeton.chapter1.deque.DequeTest
[INFO] Running io.anthonygraca.princeton.chapter1.QueueTest
[ERROR] Tests run: 27, Failures: 0, Errors: 27, Skipped: 0, Time elapsed: 0.002 s <<< FAILURE! - in io.anthonygraca.princeton.chapter1.QueueTest
[ERROR] addToFullQueueBeyondMaxCapacity(io.anthonygraca.princeton.chapter1.QueueTest)  Time elapsed: 0 s  <<< ERROR!
java.lang.Exception: Unexpected exception, expected<java.lang.IllegalStateException> but was<java.lang.Error>
	at io.anthonygraca.princeton.chapter1.QueueTest.addToFullQueueBeyondMaxCapacity(QueueTest.java:76)

[ERROR] fullWhenFilled(io.anthonygraca.princeton.chapter1.QueueTest)  Time elapsed: 0 s  <<< ERROR!
java.lang.Error: 
Unresolved compilation problems: 
	ArrayQueue cannot be resolved to a type
	ArrayQueue cannot be resolved to a type

	at io.anthonygraca.princeton.chapter1.QueueTest.fullWhenFilled(QueueTest.java:208)

[ERROR] arrayAddToEmptyQueue(io.anthonygraca.princeton.chapter1.QueueTest)  Time elapsed: 0 s  <<< ERROR!
java.lang.Error: 
Unresolved compilation problems: 
	ArrayQueue cannot be resolved to a type
	ArrayQueue cannot be resolved to a type

	at io.anthonygraca.princeton.chapter1.QueueTest.arrayAddToEmptyQueue(QueueTest.java:53)

[ERROR] addToFullQueue(io.anthonygraca.princeton.chapter1.QueueTest)  Time elapsed: 0 s  <<< ERROR!
java.lang.Error: 
Unresolved compilation problems: 
	ArrayQueue cannot be resolved to a type
	ArrayQueue cannot be resolved to a type

	at io.anthonygraca.princeton.chapter1.QueueTest.addToFullQueue(QueueTest.java:67)

[ERROR] linkedEmptyWhenCleared(io.anthonygraca.princeton.chapter1.QueueTest)  Time elapsed: 0 s  <<< ERROR!
java.lang.Error: 
Unresolved compilation problems: 
	LinkedQueue cannot be resolved to a type
	LinkedQueue cannot be resolved to a type

	at io.anthonygraca.princeton.chapter1.QueueTest.linkedEmptyWhenCleared(QueueTest.java:228)

[ERROR] lowerBoundConstructor(io.anthonygraca.princeton.chapter1.QueueTest)  Time elapsed: 0 s  <<< ERROR!
java.lang.Exception: Unexpected exception, expected<java.lang.IllegalStateException> but was<java.lang.Error>
	at io.anthonygraca.princeton.chapter1.QueueTest.lowerBoundConstructor(QueueTest.java:25)

[ERROR] arrayDequeueFailsForEmpty(io.anthonygraca.princeton.chapter1.QueueTest)  Time elapsed: 0 s  <<< ERROR!
java.lang.Exception: Unexpected exception, expected<java.lang.IllegalStateException> but was<java.lang.Error>
	at io.anthonygraca.princeton.chapter1.QueueTest.arrayDequeueFailsForEmpty(QueueTest.java:165)

[ERROR] addToHalfFullQueue(io.anthonygraca.princeton.chapter1.QueueTest)  Time elapsed: 0 s  <<< ERROR!
java.lang.Error: 
Unresolved compilation problems: 
	ArrayQueue cannot be resolved to a type
	ArrayQueue cannot be resolved to a type

	at io.anthonygraca.princeton.chapter1.QueueTest.addToHalfFullQueue(QueueTest.java:85)

[ERROR] linkedDequeueFailsForEmpty(io.anthonygraca.princeton.chapter1.QueueTest)  Time elapsed: 0 s  <<< ERROR!
java.lang.Exception: Unexpected exception, expected<java.lang.IllegalStateException> but was<java.lang.Error>
	at io.anthonygraca.princeton.chapter1.QueueTest.linkedDequeueFailsForEmpty(QueueTest.java:171)

[ERROR] linkedDefaultConstructor(io.anthonygraca.princeton.chapter1.QueueTest)  Time elapsed: 0 s  <<< ERROR!
java.lang.Error: 
Unresolved compilation problems: 
	LinkedQueue cannot be resolved to a type
	LinkedQueue cannot be resolved to a type

	at io.anthonygraca.princeton.chapter1.QueueTest.linkedDefaultConstructor(QueueTest.java:19)

[ERROR] linkedGetFrontOfFilledQueue(io.anthonygraca.princeton.chapter1.QueueTest)  Time elapsed: 0 s  <<< ERROR!
java.lang.Error: 
Unresolved compilation problems: 
	LinkedQueue cannot be resolved to a type
	LinkedQueue cannot be resolved to a type

	at io.anthonygraca.princeton.chapter1.QueueTest.linkedGetFrontOfFilledQueue(QueueTest.java:138)

[ERROR] arrayDefaultConstructor(io.anthonygraca.princeton.chapter1.QueueTest)  Time elapsed: 0 s  <<< ERROR!
java.lang.Error: 
Unresolved compilation problems: 
	ArrayQueue cannot be resolved to a type
	ArrayQueue cannot be resolved to a type

	at io.anthonygraca.princeton.chapter1.QueueTest.arrayDefaultConstructor(QueueTest.java:13)

[ERROR] linkedGetFrontOfQueueWithOneElement(io.anthonygraca.princeton.chapter1.QueueTest)  Time elapsed: 0 s  <<< ERROR!
java.lang.Error: 
Unresolved compilation problems: 
	LinkedQueue cannot be resolved to a type
	LinkedQueue cannot be resolved to a type

	at io.anthonygraca.princeton.chapter1.QueueTest.linkedGetFrontOfQueueWithOneElement(QueueTest.java:121)

[ERROR] arrayEmptyWhenDeclared(io.anthonygraca.princeton.chapter1.QueueTest)  Time elapsed: 0 s  <<< ERROR!
java.lang.Error: 
Unresolved compilation problems: 
	ArrayQueue cannot be resolved to a type
	ArrayQueue cannot be resolved to a type

	at io.anthonygraca.princeton.chapter1.QueueTest.arrayEmptyWhenDeclared(QueueTest.java:180)

[ERROR] arrayGetFrontOfQueueWithOneElement(io.anthonygraca.princeton.chapter1.QueueTest)  Time elapsed: 0 s  <<< ERROR!
java.lang.Error: 
Unresolved compilation problems: 
	ArrayQueue cannot be resolved to a type
	ArrayQueue cannot be resolved to a type

	at io.anthonygraca.princeton.chapter1.QueueTest.arrayGetFrontOfQueueWithOneElement(QueueTest.java:113)

[ERROR] arrayDequeueToEmpty(io.anthonygraca.princeton.chapter1.QueueTest)  Time elapsed: 0 s  <<< ERROR!
java.lang.Error: 
Unresolved compilation problems: 
	ArrayQueue cannot be resolved to a type
	ArrayQueue cannot be resolved to a type

	at io.anthonygraca.princeton.chapter1.QueueTest.arrayDequeueToEmpty(QueueTest.java:151)

[ERROR] arrayGetFrontOfOverflowedQueue(io.anthonygraca.princeton.chapter1.QueueTest)  Time elapsed: 0 s  <<< ERROR!
java.lang.Error: 
Unresolved compilation problems: 
	ArrayQueue cannot be resolved to a type
	ArrayQueue cannot be resolved to a type

	at io.anthonygraca.princeton.chapter1.QueueTest.arrayGetFrontOfOverflowedQueue(QueueTest.java:128)

[ERROR] linkedDequeueToEmpty(io.anthonygraca.princeton.chapter1.QueueTest)  Time elapsed: 0 s  <<< ERROR!
java.lang.Error: 
Unresolved compilation problems: 
	LinkedQueue cannot be resolved to a type
	LinkedQueue cannot be resolved to a type

	at io.anthonygraca.princeton.chapter1.QueueTest.linkedDequeueToEmpty(QueueTest.java:158)

[ERROR] linkedEmptyWhenDeclared(io.anthonygraca.princeton.chapter1.QueueTest)  Time elapsed: 0 s  <<< ERROR!
java.lang.Error: 
Unresolved compilation problems: 
	LinkedQueue cannot be resolved to a type
	LinkedQueue cannot be resolved to a type

	at io.anthonygraca.princeton.chapter1.QueueTest.linkedEmptyWhenDeclared(QueueTest.java:194)

[ERROR] arrayEmptyWhenDequeued(io.anthonygraca.princeton.chapter1.QueueTest)  Time elapsed: 0 s  <<< ERROR!
java.lang.Error: 
Unresolved compilation problems: 
	ArrayQueue cannot be resolved to a type
	ArrayQueue cannot be resolved to a type

	at io.anthonygraca.princeton.chapter1.QueueTest.arrayEmptyWhenDequeued(QueueTest.java:186)

[ERROR] arrayGetFrontOfEmptyQueue(io.anthonygraca.princeton.chapter1.QueueTest)  Time elapsed: 0 s  <<< ERROR!
java.lang.Exception: Unexpected exception, expected<java.util.NoSuchElementException> but was<java.lang.Error>
	at io.anthonygraca.princeton.chapter1.QueueTest.arrayGetFrontOfEmptyQueue(QueueTest.java:99)

[ERROR] linkedEmptyWhenDequeued(io.anthonygraca.princeton.chapter1.QueueTest)  Time elapsed: 0 s  <<< ERROR!
java.lang.Error: 
Unresolved compilation problems: 
	LinkedQueue cannot be resolved to a type
	LinkedQueue cannot be resolved to a type

	at io.anthonygraca.princeton.chapter1.QueueTest.linkedEmptyWhenDequeued(QueueTest.java:200)

[ERROR] linkedGetFrontOfEmptyQueue(io.anthonygraca.princeton.chapter1.QueueTest)  Time elapsed: 0 s  <<< ERROR!
java.lang.Exception: Unexpected exception, expected<java.util.NoSuchElementException> but was<java.lang.Error>
	at io.anthonygraca.princeton.chapter1.QueueTest.linkedGetFrontOfEmptyQueue(QueueTest.java:106)

[ERROR] arrayEmptyWhenCleared(io.anthonygraca.princeton.chapter1.QueueTest)  Time elapsed: 0 s  <<< ERROR!
java.lang.Error: 
Unresolved compilation problems: 
	ArrayQueue cannot be resolved to a type
	ArrayQueue cannot be resolved to a type

	at io.anthonygraca.princeton.chapter1.QueueTest.arrayEmptyWhenCleared(QueueTest.java:218)

[ERROR] linkedAddToEmptyQueue(io.anthonygraca.princeton.chapter1.QueueTest)  Time elapsed: 0 s  <<< ERROR!
java.lang.Error: 
Unresolved compilation problems: 
	LinkedQueue cannot be resolved to a type
	LinkedQueue cannot be resolved to a type

	at io.anthonygraca.princeton.chapter1.QueueTest.linkedAddToEmptyQueue(QueueTest.java:60)

[ERROR] withinBoundConstructor(io.anthonygraca.princeton.chapter1.QueueTest)  Time elapsed: 0 s  <<< ERROR!
java.lang.Error: 
Unresolved compilation problems: 
	ArrayQueue cannot be resolved to a type
	ArrayQueue cannot be resolved to a type
	ArrayQueue cannot be resolved to a type
	ArrayQueue cannot be resolved to a type
	ArrayQueue cannot be resolved to a type
	ArrayQueue cannot be resolved to a type
	ArrayQueue cannot be resolved to a type
	ArrayQueue cannot be resolved to a type
	ArrayQueue cannot be resolved to a type
	ArrayQueue cannot be resolved to a type

	at io.anthonygraca.princeton.chapter1.QueueTest.withinBoundConstructor(QueueTest.java:36)

[ERROR] upperBoundConstructor(io.anthonygraca.princeton.chapter1.QueueTest)  Time elapsed: 0 s  <<< ERROR!
java.lang.Exception: Unexpected exception, expected<java.lang.IllegalStateException> but was<java.lang.Error>
	at io.anthonygraca.princeton.chapter1.QueueTest.upperBoundConstructor(QueueTest.java:30)

[INFO] Running io.anthonygraca.princeton.chapter1.stack.LinkedListStackTest
[INFO] Tests run: 6, Failures: 0, Errors: 0, Skipped: 0, Time elapsed: 0.001 s - in io.anthonygraca.princeton.chapter1.stack.LinkedListStackTest
[INFO] Running io.anthonygraca.princeton.chapter1.stack.ArrayResizingStackTest
[INFO] Tests run: 8, Failures: 0, Errors: 0, Skipped: 0, Time elapsed: 0 s - in io.anthonygraca.princeton.chapter1.stack.ArrayResizingStackTest
[INFO] Running io.anthonygraca.princeton.chapter1.stack.FixedCapacityStackOfStringsTest
[INFO] Tests run: 5, Failures: 0, Errors: 0, Skipped: 0, Time elapsed: 0 s - in io.anthonygraca.princeton.chapter1.stack.FixedCapacityStackOfStringsTest
[INFO] Running io.anthonygraca.princeton.chapter1.stack.FixedCapacityStackTest
[INFO] Tests run: 5, Failures: 0, Errors: 0, Skipped: 0, Time elapsed: 0.001 s - in io.anthonygraca.princeton.chapter1.stack.FixedCapacityStackTest
[INFO] Running io.anthonygraca.princeton.chapter1.bag.ArrayBagTest
[ERROR] Tests run: 13, Failures: 0, Errors: 13, Skipped: 0, Time elapsed: 0.001 s <<< FAILURE! - in io.anthonygraca.princeton.chapter1.bag.ArrayBagTest
[ERROR] addedItemIsInBag(io.anthonygraca.princeton.chapter1.bag.ArrayBagTest)  Time elapsed: 0 s  <<< ERROR!
java.lang.Error: 
Unresolved compilation problem: 
	The declared package "io.anthonygraca.princeton.chapter1" does not match the expected package "io.anthonygraca.princeton.chapter1.bag"

	at io.anthonygraca.princeton.chapter1.bag.ArrayBagTest.<init>(ArrayBagTest.java:1)

[ERROR] specificRemoveFailsForEmptyBag(io.anthonygraca.princeton.chapter1.bag.ArrayBagTest)  Time elapsed: 0 s  <<< ERROR!
java.lang.Error: 
Unresolved compilation problem: 
	The declared package "io.anthonygraca.princeton.chapter1" does not match the expected package "io.anthonygraca.princeton.chapter1.bag"

	at io.anthonygraca.princeton.chapter1.bag.ArrayBagTest.<init>(ArrayBagTest.java:1)

[ERROR] specificRemoveSucceedsForItemInTheBag(io.anthonygraca.princeton.chapter1.bag.ArrayBagTest)  Time elapsed: 0 s  <<< ERROR!
java.lang.Error: 
Unresolved compilation problem: 
	The declared package "io.anthonygraca.princeton.chapter1" does not match the expected package "io.anthonygraca.princeton.chapter1.bag"

	at io.anthonygraca.princeton.chapter1.bag.ArrayBagTest.<init>(ArrayBagTest.java:1)

[ERROR] bagProperlyResizesAndAdds(io.anthonygraca.princeton.chapter1.bag.ArrayBagTest)  Time elapsed: 0 s  <<< ERROR!
java.lang.Error: 
Unresolved compilation problem: 
	The declared package "io.anthonygraca.princeton.chapter1" does not match the expected package "io.anthonygraca.princeton.chapter1.bag"

	at io.anthonygraca.princeton.chapter1.bag.ArrayBagTest.<init>(ArrayBagTest.java:1)

[ERROR] randomRemoveSucceedsForMoreThanOneItemInTheBag(io.anthonygraca.princeton.chapter1.bag.ArrayBagTest)  Time elapsed: 0 s  <<< ERROR!
java.lang.Error: 
Unresolved compilation problem: 
	The declared package "io.anthonygraca.princeton.chapter1" does not match the expected package "io.anthonygraca.princeton.chapter1.bag"

	at io.anthonygraca.princeton.chapter1.bag.ArrayBagTest.<init>(ArrayBagTest.java:1)

[ERROR] defaultConstructor(io.anthonygraca.princeton.chapter1.bag.ArrayBagTest)  Time elapsed: 0 s  <<< ERROR!
java.lang.Error: 
Unresolved compilation problem: 
	The declared package "io.anthonygraca.princeton.chapter1" does not match the expected package "io.anthonygraca.princeton.chapter1.bag"

	at io.anthonygraca.princeton.chapter1.bag.ArrayBagTest.<init>(ArrayBagTest.java:1)

[ERROR] randomRemoveSucceedsForOneItemInTheBag(io.anthonygraca.princeton.chapter1.bag.ArrayBagTest)  Time elapsed: 0 s  <<< ERROR!
java.lang.Error: 
Unresolved compilation problem: 
	The declared package "io.anthonygraca.princeton.chapter1" does not match the expected package "io.anthonygraca.princeton.chapter1.bag"

	at io.anthonygraca.princeton.chapter1.bag.ArrayBagTest.<init>(ArrayBagTest.java:1)

[ERROR] randomRemoveFailsForEmptyBag(io.anthonygraca.princeton.chapter1.bag.ArrayBagTest)  Time elapsed: 0 s  <<< ERROR!
java.lang.Error: 
Unresolved compilation problem: 
	The declared package "io.anthonygraca.princeton.chapter1" does not match the expected package "io.anthonygraca.princeton.chapter1.bag"

	at io.anthonygraca.princeton.chapter1.bag.ArrayBagTest.<init>(ArrayBagTest.java:1)

[ERROR] specificRemoveFailsForAnItemNotInTheBag(io.anthonygraca.princeton.chapter1.bag.ArrayBagTest)  Time elapsed: 0 s  <<< ERROR!
java.lang.Error: 
Unresolved compilation problem: 
	The declared package "io.anthonygraca.princeton.chapter1" does not match the expected package "io.anthonygraca.princeton.chapter1.bag"

	at io.anthonygraca.princeton.chapter1.bag.ArrayBagTest.<init>(ArrayBagTest.java:1)

[ERROR] iteratorWorksWithoutResize(io.anthonygraca.princeton.chapter1.bag.ArrayBagTest)  Time elapsed: 0 s  <<< ERROR!
java.lang.Error: 
Unresolved compilation problem: 
	The declared package "io.anthonygraca.princeton.chapter1" does not match the expected package "io.anthonygraca.princeton.chapter1.bag"

	at io.anthonygraca.princeton.chapter1.bag.ArrayBagTest.<init>(ArrayBagTest.java:1)

[ERROR] sizeIncrementsThroughResizing(io.anthonygraca.princeton.chapter1.bag.ArrayBagTest)  Time elapsed: 0 s  <<< ERROR!
java.lang.Error: 
Unresolved compilation problem: 
	The declared package "io.anthonygraca.princeton.chapter1" does not match the expected package "io.anthonygraca.princeton.chapter1.bag"

	at io.anthonygraca.princeton.chapter1.bag.ArrayBagTest.<init>(ArrayBagTest.java:1)

[ERROR] iteratorWorksWithResizing(io.anthonygraca.princeton.chapter1.bag.ArrayBagTest)  Time elapsed: 0 s  <<< ERROR!
java.lang.Error: 
Unresolved compilation problem: 
	The declared package "io.anthonygraca.princeton.chapter1" does not match the expected package "io.anthonygraca.princeton.chapter1.bag"

	at io.anthonygraca.princeton.chapter1.bag.ArrayBagTest.<init>(ArrayBagTest.java:1)

[ERROR] sizeIncrements(io.anthonygraca.princeton.chapter1.bag.ArrayBagTest)  Time elapsed: 0 s  <<< ERROR!
java.lang.Error: 
Unresolved compilation problem: 
	The declared package "io.anthonygraca.princeton.chapter1" does not match the expected package "io.anthonygraca.princeton.chapter1.bag"

	at io.anthonygraca.princeton.chapter1.bag.ArrayBagTest.<init>(ArrayBagTest.java:1)

[INFO] Running io.anthonygraca.princeton.chapter1.bag.LinkedBagTest
[ERROR] Tests run: 13, Failures: 0, Errors: 13, Skipped: 0, Time elapsed: 0.001 s <<< FAILURE! - in io.anthonygraca.princeton.chapter1.bag.LinkedBagTest
[ERROR] addedItemIsInBag(io.anthonygraca.princeton.chapter1.bag.LinkedBagTest)  Time elapsed: 0 s  <<< ERROR!
java.lang.Error: 
Unresolved compilation problem: 
	The declared package "io.anthonygraca.princeton.chapter1" does not match the expected package "io.anthonygraca.princeton.chapter1.bag"

	at io.anthonygraca.princeton.chapter1.bag.LinkedBagTest.<init>(LinkedBagTest.java:1)

[ERROR] specificRemoveFailsForEmptyBag(io.anthonygraca.princeton.chapter1.bag.LinkedBagTest)  Time elapsed: 0 s  <<< ERROR!
java.lang.Error: 
Unresolved compilation problem: 
	The declared package "io.anthonygraca.princeton.chapter1" does not match the expected package "io.anthonygraca.princeton.chapter1.bag"

	at io.anthonygraca.princeton.chapter1.bag.LinkedBagTest.<init>(LinkedBagTest.java:1)

[ERROR] specificRemoveSucceedsForItemInTheBag(io.anthonygraca.princeton.chapter1.bag.LinkedBagTest)  Time elapsed: 0.001 s  <<< ERROR!
java.lang.Error: 
Unresolved compilation problem: 
	The declared package "io.anthonygraca.princeton.chapter1" does not match the expected package "io.anthonygraca.princeton.chapter1.bag"

	at io.anthonygraca.princeton.chapter1.bag.LinkedBagTest.<init>(LinkedBagTest.java:1)

[ERROR] bagProperlyResizesAndAdds(io.anthonygraca.princeton.chapter1.bag.LinkedBagTest)  Time elapsed: 0 s  <<< ERROR!
java.lang.Error: 
Unresolved compilation problem: 
	The declared package "io.anthonygraca.princeton.chapter1" does not match the expected package "io.anthonygraca.princeton.chapter1.bag"

	at io.anthonygraca.princeton.chapter1.bag.LinkedBagTest.<init>(LinkedBagTest.java:1)

[ERROR] randomRemoveSucceedsForMoreThanOneItemInTheBag(io.anthonygraca.princeton.chapter1.bag.LinkedBagTest)  Time elapsed: 0 s  <<< ERROR!
java.lang.Error: 
Unresolved compilation problem: 
	The declared package "io.anthonygraca.princeton.chapter1" does not match the expected package "io.anthonygraca.princeton.chapter1.bag"

	at io.anthonygraca.princeton.chapter1.bag.LinkedBagTest.<init>(LinkedBagTest.java:1)

[ERROR] defaultConstructor(io.anthonygraca.princeton.chapter1.bag.LinkedBagTest)  Time elapsed: 0 s  <<< ERROR!
java.lang.Error: 
Unresolved compilation problem: 
	The declared package "io.anthonygraca.princeton.chapter1" does not match the expected package "io.anthonygraca.princeton.chapter1.bag"

	at io.anthonygraca.princeton.chapter1.bag.LinkedBagTest.<init>(LinkedBagTest.java:1)

[ERROR] randomRemoveSucceedsForOneItemInTheBag(io.anthonygraca.princeton.chapter1.bag.LinkedBagTest)  Time elapsed: 0 s  <<< ERROR!
java.lang.Error: 
Unresolved compilation problem: 
	The declared package "io.anthonygraca.princeton.chapter1" does not match the expected package "io.anthonygraca.princeton.chapter1.bag"

	at io.anthonygraca.princeton.chapter1.bag.LinkedBagTest.<init>(LinkedBagTest.java:1)

[ERROR] randomRemoveFailsForEmptyBag(io.anthonygraca.princeton.chapter1.bag.LinkedBagTest)  Time elapsed: 0 s  <<< ERROR!
java.lang.Error: 
Unresolved compilation problem: 
	The declared package "io.anthonygraca.princeton.chapter1" does not match the expected package "io.anthonygraca.princeton.chapter1.bag"

	at io.anthonygraca.princeton.chapter1.bag.LinkedBagTest.<init>(LinkedBagTest.java:1)

[ERROR] specificRemoveFailsForAnItemNotInTheBag(io.anthonygraca.princeton.chapter1.bag.LinkedBagTest)  Time elapsed: 0 s  <<< ERROR!
java.lang.Error: 
Unresolved compilation problem: 
	The declared package "io.anthonygraca.princeton.chapter1" does not match the expected package "io.anthonygraca.princeton.chapter1.bag"

	at io.anthonygraca.princeton.chapter1.bag.LinkedBagTest.<init>(LinkedBagTest.java:1)

[ERROR] iteratorWorksWithoutResize(io.anthonygraca.princeton.chapter1.bag.LinkedBagTest)  Time elapsed: 0 s  <<< ERROR!
java.lang.Error: 
Unresolved compilation problem: 
	The declared package "io.anthonygraca.princeton.chapter1" does not match the expected package "io.anthonygraca.princeton.chapter1.bag"

	at io.anthonygraca.princeton.chapter1.bag.LinkedBagTest.<init>(LinkedBagTest.java:1)

[ERROR] sizeIncrementsThroughResizing(io.anthonygraca.princeton.chapter1.bag.LinkedBagTest)  Time elapsed: 0 s  <<< ERROR!
java.lang.Error: 
Unresolved compilation problem: 
	The declared package "io.anthonygraca.princeton.chapter1" does not match the expected package "io.anthonygraca.princeton.chapter1.bag"

	at io.anthonygraca.princeton.chapter1.bag.LinkedBagTest.<init>(LinkedBagTest.java:1)

[ERROR] iteratorWorksWithResizing(io.anthonygraca.princeton.chapter1.bag.LinkedBagTest)  Time elapsed: 0 s  <<< ERROR!
java.lang.Error: 
Unresolved compilation problem: 
	The declared package "io.anthonygraca.princeton.chapter1" does not match the expected package "io.anthonygraca.princeton.chapter1.bag"

	at io.anthonygraca.princeton.chapter1.bag.LinkedBagTest.<init>(LinkedBagTest.java:1)

[ERROR] sizeIncrements(io.anthonygraca.princeton.chapter1.bag.LinkedBagTest)  Time elapsed: 0 s  <<< ERROR!
java.lang.Error: 
Unresolved compilation problem: 
	The declared package "io.anthonygraca.princeton.chapter1" does not match the expected package "io.anthonygraca.princeton.chapter1.bag"

	at io.anthonygraca.princeton.chapter1.bag.LinkedBagTest.<init>(LinkedBagTest.java:1)

[INFO] 
[INFO] Results:
[INFO] 
[ERROR] Errors: 
[ERROR]   QueueTest.addToFullQueue:67  Unresolved compilation problems: 
	ArrayQueue can...
[ERROR]   QueueTest.addToFullQueueBeyondMaxCapacity »  Unexpected exception, expected<ja...
[ERROR]   QueueTest.addToHalfFullQueue:85  Unresolved compilation problems: 
	ArrayQueue...
[ERROR]   QueueTest.arrayAddToEmptyQueue:53  Unresolved compilation problems: 
	ArrayQue...
[ERROR]   QueueTest.arrayDefaultConstructor:13  Unresolved compilation problems: 
	Array...
[ERROR]   QueueTest.arrayDequeueFailsForEmpty »  Unexpected exception, expected<java.lan...
[ERROR]   QueueTest.arrayDequeueToEmpty:151  Unresolved compilation problems: 
	ArrayQue...
[ERROR]   QueueTest.arrayEmptyWhenCleared:218  Unresolved compilation problems: 
	ArrayQ...
[ERROR]   QueueTest.arrayEmptyWhenDeclared:180  Unresolved compilation problems: 
	Array...
[ERROR]   QueueTest.arrayEmptyWhenDequeued:186  Unresolved compilation problems: 
	Array...
[ERROR]   QueueTest.arrayGetFrontOfEmptyQueue »  Unexpected exception, expected<java.uti...
[ERROR]   QueueTest.arrayGetFrontOfOverflowedQueue:128  Unresolved compilation problems:...
[ERROR]   QueueTest.arrayGetFrontOfQueueWithOneElement:113  Unresolved compilation probl...
[ERROR]   QueueTest.fullWhenFilled:208  Unresolved compilation problems: 
	ArrayQueue ca...
[ERROR]   QueueTest.linkedAddToEmptyQueue:60  Unresolved compilation problems: 
	LinkedQ...
[ERROR]   QueueTest.linkedDefaultConstructor:19  Unresolved compilation problems: 
	Link...
[ERROR]   QueueTest.linkedDequeueFailsForEmpty »  Unexpected exception, expected<java.la...
[ERROR]   QueueTest.linkedDequeueToEmpty:158  Unresolved compilation problems: 
	LinkedQ...
[ERROR]   QueueTest.linkedEmptyWhenCleared:228  Unresolved compilation problems: 
	Linke...
[ERROR]   QueueTest.linkedEmptyWhenDeclared:194  Unresolved compilation problems: 
	Link...
[ERROR]   QueueTest.linkedEmptyWhenDequeued:200  Unresolved compilation problems: 
	Link...
[ERROR]   QueueTest.linkedGetFrontOfEmptyQueue »  Unexpected exception, expected<java.ut...
[ERROR]   QueueTest.linkedGetFrontOfFilledQueue:138  Unresolved compilation problems: 
	...
[ERROR]   QueueTest.linkedGetFrontOfQueueWithOneElement:121  Unresolved compilation prob...
[ERROR]   QueueTest.lowerBoundConstructor »  Unexpected exception, expected<java.lang.Il...
[ERROR]   QueueTest.upperBoundConstructor »  Unexpected exception, expected<java.lang.Il...
[ERROR]   QueueTest.withinBoundConstructor:36  Unresolved compilation problems: 
	ArrayQ...
[ERROR]   ArrayBagTest.<init>:1  Unresolved compilation problem: 
	The declared package ...
[ERROR]   ArrayBagTest.<init>:1  Unresolved compilation problem: 
	The declared package ...
[ERROR]   ArrayBagTest.<init>:1  Unresolved compilation problem: 
	The declared package ...
[ERROR]   ArrayBagTest.<init>:1  Unresolved compilation problem: 
	The declared package ...
[ERROR]   ArrayBagTest.<init>:1  Unresolved compilation problem: 
	The declared package ...
[ERROR]   ArrayBagTest.<init>:1  Unresolved compilation problem: 
	The declared package ...
[ERROR]   ArrayBagTest.<init>:1  Unresolved compilation problem: 
	The declared package ...
[ERROR]   ArrayBagTest.<init>:1  Unresolved compilation problem: 
	The declared package ...
[ERROR]   ArrayBagTest.<init>:1  Unresolved compilation problem: 
	The declared package ...
[ERROR]   ArrayBagTest.<init>:1  Unresolved compilation problem: 
	The declared package ...
[ERROR]   ArrayBagTest.<init>:1  Unresolved compilation problem: 
	The declared package ...
[ERROR]   ArrayBagTest.<init>:1  Unresolved compilation problem: 
	The declared package ...
[ERROR]   ArrayBagTest.<init>:1  Unresolved compilation problem: 
	The declared package ...
[ERROR]   LinkedBagTest.<init>:1  Unresolved compilation problem: 
	The declared package...
[ERROR]   LinkedBagTest.<init>:1  Unresolved compilation problem: 
	The declared package...
[ERROR]   LinkedBagTest.<init>:1  Unresolved compilation problem: 
	The declared package...
[ERROR]   LinkedBagTest.<init>:1  Unresolved compilation problem: 
	The declared package...
[ERROR]   LinkedBagTest.<init>:1  Unresolved compilation problem: 
	The declared package...
[ERROR]   LinkedBagTest.<init>:1  Unresolved compilation problem: 
	The declared package...
[ERROR]   LinkedBagTest.<init>:1  Unresolved compilation problem: 
	The declared package...
[ERROR]   LinkedBagTest.<init>:1  Unresolved compilation problem: 
	The declared package...
[ERROR]   LinkedBagTest.<init>:1  Unresolved compilation problem: 
	The declared package...
[ERROR]   LinkedBagTest.<init>:1  Unresolved compilation problem: 
	The declared package...
[ERROR]   LinkedBagTest.<init>:1  Unresolved compilation problem: 
	The declared package...
[ERROR]   LinkedBagTest.<init>:1  Unresolved compilation problem: 
	The declared package...
[ERROR]   LinkedBagTest.<init>:1  Unresolved compilation problem: 
	The declared package...
[ERROR]   MGracaDequeTest.addFirstToFullDeque:289 »  Unresolved compilation problem: 
	T...
[ERROR]   MGracaDequeTest.addFirstToFullDequeBeyondMaxCapacity »  Unexpected exception, ...
[ERROR]   MGracaDequeTest.addFirstToHalfFullDeque:306 »  Unresolved compilation problem:...
[ERROR]   MGracaDequeTest.addLastToFullDeque:333 »  Unresolved compilation problem: 
	Th...
[ERROR]   MGracaDequeTest.addLastToFullDequeBeyondMaxCapacity »  Unexpected exception, e...
[ERROR]   MGracaDequeTest.addLastToHalfFullDeque:350 »  Unresolved compilation problem: ...
[ERROR]   MGracaDequeTest.arrayAddFirstToEmptyDeque:275 »  Unresolved compilation proble...
[ERROR]   MGracaDequeTest.arrayAddLastToEmptyDeque:319 »  Unresolved compilation problem...
[ERROR]   MGracaDequeTest.arrayDefaultConstructor:16 »  Unresolved compilation problem: ...
[ERROR]   MGracaDequeTest.arrayEmptyWhenEmptied:56 »  Unresolved compilation problem: 
	...
[ERROR]   MGracaDequeTest.arrayGetFirstAndGetLastSucceedForOneItem:127 »  Unresolved com...
[ERROR]   MGracaDequeTest.arrayGetFirstFailsForEmptyDeque »  Unexpected exception, expec...
[ERROR]   MGracaDequeTest.arrayGetFirstSucceedsAfterAddFirst:99 »  Unresolved compilatio...
[ERROR]   MGracaDequeTest.arrayGetFirstSucceedsAfterAddLast:106 »  Unresolved compilatio...
[ERROR]   MGracaDequeTest.arrayGetFirstSucceedsAfterOverflow:134 »  Unresolved compilati...
[ERROR]   MGracaDequeTest.arrayGetLastFailsForEmptyDeque »  Unexpected exception, expect...
[ERROR]   MGracaDequeTest.arrayGetLastSucceedsAfterAddFirst:113 »  Unresolved compilatio...
[ERROR]   MGracaDequeTest.arrayGetLastSucceedsAfterAddLast:120 »  Unresolved compilation...
[ERROR]   MGracaDequeTest.arrayGetLastSucceedsAfterOverflow:143 »  Unresolved compilatio...
[ERROR]   MGracaDequeTest.arrayRemoveFirstFailsForEmpty »  Unexpected exception, expecte...
[ERROR]   MGracaDequeTest.arrayRemoveFirstToEmpty:220 »  Unresolved compilation problem:...
[ERROR]   MGracaDequeTest.arrayRemoveLastFailsForEmpty »  Unexpected exception, expected...
[ERROR]   MGracaDequeTest.arrayRemoveLastToEmpty:233 »  Unresolved compilation problem: ...
[ERROR]   MGracaDequeTest.fullWhenFilled:76 »  Unresolved compilation problem: 
	The dec...
[ERROR]   MGracaDequeTest.linkedAddFirstToEmptyDeque:282 »  Unresolved compilation probl...
[ERROR]   MGracaDequeTest.linkedAddLastToEmptyDeque:326 »  Unresolved compilation proble...
[ERROR]   MGracaDequeTest.linkedDefaultConstructor:22 »  Unresolved compilation problem:...
[ERROR]   MGracaDequeTest.linkedEmptyWhenEmptied:66 »  Unresolved compilation problem: 
...
[ERROR]   MGracaDequeTest.linkedGetFirstAndGetLastSucceedForOneItem:192 »  Unresolved co...
[ERROR]   MGracaDequeTest.linkedGetFirstFailsForEmptyDeque »  Unexpected exception, expe...
[ERROR]   MGracaDequeTest.linkedGetFirstSucceedsAfterAddFirst:164 »  Unresolved compilat...
[ERROR]   MGracaDequeTest.linkedGetFirstSucceedsAfterAddLast:171 »  Unresolved compilati...
[ERROR]   MGracaDequeTest.linkedGetFirstSucceedsAfterFilled:199 »  Unresolved compilatio...
[ERROR]   MGracaDequeTest.linkedGetLastFailsForEmptyDeque »  Unexpected exception, expec...
[ERROR]   MGracaDequeTest.linkedGetLastSucceedsAfterAddFirst:178 »  Unresolved compilati...
[ERROR]   MGracaDequeTest.linkedGetLastSucceedsAfterAddLast:185 »  Unresolved compilatio...
[ERROR]   MGracaDequeTest.linkedGetLastSucceedsAfterFilled:208 »  Unresolved compilation...
[ERROR]   MGracaDequeTest.linkedRemoveFirstFailsForEmpty »  Unexpected exception, expect...
[ERROR]   MGracaDequeTest.linkedRemoveFirstToEmpty:246 »  Unresolved compilation problem...
[ERROR]   MGracaDequeTest.linkedRemoveLastFailsForEmpty »  Unexpected exception, expecte...
[ERROR]   MGracaDequeTest.linkedRemoveLastToEmpty:259 »  Unresolved compilation problem:...
[ERROR]   MGracaDequeTest.lowerBoundConstructor »  Unexpected exception, expected<java.l...
[ERROR]   MGracaDequeTest.upperBoundConstructor »  Unexpected exception, expected<java.l...
[ERROR]   MGracaDequeTest.withinBoundConstructor:39 »  Unresolved compilation problem: 
...
[INFO] 
[ERROR] Tests run: 177, Failures: 0, Errors: 97, Skipped: 0
[INFO] 
[INFO] ------------------------------------------------------------------------
[INFO] BUILD FAILURE
[INFO] ------------------------------------------------------------------------
[INFO] Total time:  1.626 s
[INFO] Finished at: 2021-06-19T10:49:27-07:00
[INFO] ------------------------------------------------------------------------
[ERROR] Failed to execute goal org.apache.maven.plugins:maven-surefire-plugin:2.22.1:test (default-test) on project algorithms: There are test failures.
[ERROR] 
[ERROR] Please refer to /Users/anthonygraca/Workspace/algorithms/algorithms/target/surefire-reports for the individual test results.
[ERROR] Please refer to dump files (if any exist) [date].dump, [date]-jvmRun[N].dump and [date].dumpstream.
[ERROR] -> [Help 1]
[ERROR] 
[ERROR] To see the full stack trace of the errors, re-run Maven with the -e switch.
[ERROR] Re-run Maven using the -X switch to enable full debug logging.
[ERROR] 
[ERROR] For more information about the errors and possible solutions, please read the following articles:
[ERROR] [Help 1] http://cwiki.apache.org/confluence/display/MAVEN/MojoFailureException
